{"numTotalTestSuites":104,"numPassedTestSuites":104,"numFailedTestSuites":0,"numPendingTestSuites":0,"numTotalTests":285,"numPassedTests":285,"numFailedTests":0,"numPendingTests":0,"numTodoTests":0,"snapshot":{"added":0,"failure":false,"filesAdded":0,"filesRemoved":0,"filesRemovedList":[],"filesUnmatched":0,"filesUpdated":0,"matched":0,"total":0,"unchecked":0,"uncheckedKeysByFile":[],"unmatched":0,"updated":0,"didUpdate":false},"startTime":1786763785861,"success":true,"testResults":[{"assertionResults":[{"ancestorTitles":["N1A channel namespace and orthogonal capability axes"],"fullName":"N1A channel namespace and orthogonal capability axes accepts canonical namespaces and rejects unknown values","status":"passed","title":"accepts canonical namespaces and rejects unknown values","duration":6.566600000000108,"failureMessages":[],"meta":{},"tags":[]},{"ancestorTitles":["N1A channel namespace and orthogonal capability axes"],"fullName":"N1A channel namespace and orthogonal capability axes keeps placement identifiers channel-scoped","status":"passed","title":"keeps placement identifiers channel-scoped","duration":4.08420000000001,"failureMessages":[],"meta":{},"tags":[]},{"ancestorTitles":["N1A channel namespace and orthogonal capability axes"],"fullName":"N1A channel namespace and orthogonal capability axes requires layout only for renderer-composed capabilities and reserves collection semantics","status":"passed","title":"requires layout only for renderer-composed capabilities and reserves collection semantics","duration":1.7333000000000993,"failureMessages":[],"meta":{},"tags":[]},{"ancestorTitles":["N1A channel namespace and orthogonal capability axes"],"fullName":"N1A channel namespace and orthogonal capability axes maps every catalog FREEFORM profile without changing its layout","status":"passed","title":"maps every catalog FREEFORM profile without changing its layout","duration":17.408300000000054,"failureMessages":[],"meta":{},"tags":[]},{"ancestorTitles":["N1A channel namespace and orthogonal capability axes"],"fullName":"N1A channel namespace and orthogonal capability axes blocks platform-composed dispatch without fabricating a raster","status":"passed","title":"blocks platform-composed dispatch without fabricating a raster","duration":0.8095000000000709,"failureMessages":[],"meta":{},"tags":[]},{"ancestorTitles":["N1A channel namespace and orthogonal capability axes"],"fullName":"N1A channel namespace and orthogonal capability axes validates the machine-readable registry and keeps legacy plan JSON decodable","status":"passed","title":"validates the machine-readable registry and keeps legacy plan JSON decodable","duration":196.279,"failureMessages":[],"meta":{},"tags":[]},{"ancestorTitles":["N1A channel namespace and orthogonal capability axes"],"fullName":"N1A channel namespace and orthogonal capability axes keeps metadata out of pixel fingerprints","status":"passed","title":"keeps metadata out of pixel fingerprints","duration":17.08420000000001,"failureMessages":[],"meta":{},"tags":[]},{"ancestorTitles":["N1A channel namespace and orthogonal capability axes"],"fullName":"N1A channel namespace and orthogonal capability axes keeps all existing Kakao golden bytes unchanged","status":"passed","title":"keeps all existing Kakao golden bytes unchanged","duration":28.05950000000007,"failureMessages":[],"meta":{},"tags":[]}],"startTime":1786763805379,"endTime":1786763805654.0596,"status":"passed","message":"","name":"C:/Users/Lenovo/Desktop/kakao-bizboard-renderer-spec-v1-package/tests/channel-contract/channel-composition.test.ts"},{"assertionResults":[{"ancestorTitles":["NAVER SmartChannel official font contract"],"fullName":"NAVER SmartChannel official font contract exposes PSD-exact Apple SD Gothic Neo as the runtime dependency","status":"passed","title":"exposes PSD-exact Apple SD Gothic Neo as the runtime dependency","duration":5.491699999999923,"failureMessages":[],"meta":{},"tags":[]},{"ancestorTitles":["NAVER SmartChannel official font contract"],"fullName":"NAVER SmartChannel official font contract records bundled exact assets without fake digests or fallback","status":"passed","title":"records bundled exact assets without fake digests or fallback","duration":1.2717000000000098,"failureMessages":[],"meta":{},"tags":[]}],"startTime":1786763808551,"endTime":1786763808558.2717,"status":"passed","message":"","name":"C:/Users/Lenovo/Desktop/kakao-bizboard-renderer-spec-v1-package/tests/channel-contract/naver-smartchannel-font-compatibility.test.ts"},{"assertionResults":[{"ancestorTitles":["NAVER SmartChannel fail-closed font preflight helper"],"fullName":"NAVER SmartChannel fail-closed font preflight helper inventories the pinned macOS TTC and verifies derived face table equivalence","status":"passed","title":"inventories the pinned macOS TTC and verifies derived face table equivalence","duration":161.52250000000004,"failureMessages":[],"meta":{},"tags":[]},{"ancestorTitles":["NAVER SmartChannel fail-closed font preflight helper"],"fullName":"NAVER SmartChannel fail-closed font preflight helper accepts a trusted exact resource when identity, digest, and version match","status":"passed","title":"accepts a trusted exact resource when identity, digest, and version match","duration":132.08939999999984,"failureMessages":[],"meta":{},"tags":[]},{"ancestorTitles":["NAVER SmartChannel fail-closed font preflight helper"],"fullName":"NAVER SmartChannel fail-closed font preflight helper blocks wrong PostScript name","status":"passed","title":"blocks wrong PostScript name","duration":4.733799999999974,"failureMessages":[],"meta":{},"tags":[]},{"ancestorTitles":["NAVER SmartChannel fail-closed font preflight helper"],"fullName":"NAVER SmartChannel fail-closed font preflight helper blocks wrong digest","status":"passed","title":"blocks wrong digest","duration":2.799199999999928,"failureMessages":[],"meta":{},"tags":[]},{"ancestorTitles":["NAVER SmartChannel fail-closed font preflight helper"],"fullName":"NAVER SmartChannel fail-closed font preflight helper blocks wrong version","status":"passed","title":"blocks wrong version","duration":6.564899999999852,"failureMessages":[],"meta":{},"tags":[]},{"ancestorTitles":["NAVER SmartChannel fail-closed font preflight helper"],"fullName":"NAVER SmartChannel fail-closed font preflight helper blocks missing and unsafe external resources and prohibits fallback","status":"passed","title":"blocks missing and unsafe external resources and prohibits fallback","duration":6.938699999999699,"failureMessages":[],"meta":{},"tags":[]}],"startTime":1786763806882,"endTime":1786763807196.9387,"status":"passed","message":"","name":"C:/Users/Lenovo/Desktop/kakao-bizboard-renderer-spec-v1-package/tests/channel-contract/naver-smartchannel-font-preflight.test.ts"},{"assertionResults":[{"ancestorTitles":["NAVER SmartChannel SF guide-layer audit"],"fullName":"NAVER SmartChannel SF guide-layer audit removes hidden SF variants from runtime requirements after effective composite audit","status":"passed","title":"removes hidden SF variants from runtime requirements after effective composite audit","duration":9.936500000000024,"failureMessages":[],"meta":{},"tags":[]},{"ancestorTitles":["NAVER SmartChannel SF guide-layer audit"],"fullName":"NAVER SmartChannel SF guide-layer audit does not approve downloaded local files or make a redistribution claim","status":"passed","title":"does not approve downloaded local files or make a redistribution claim","duration":1.506399999999985,"failureMessages":[],"meta":{},"tags":[]}],"startTime":1786763808214,"endTime":1786763808225.5063,"status":"passed","message":"","name":"C:/Users/Lenovo/Desktop/kakao-bizboard-renderer-spec-v1-package/tests/channel-contract/naver-smartchannel-sf-audit.test.ts"},{"assertionResults":[{"ancestorTitles":["NAVER SmartChannel N1C source-resolution contract"],"fullName":"NAVER SmartChannel N1C source-resolution contract freezes the source catalog counts and canvas headers","status":"passed","title":"freezes the source catalog counts and canvas headers","duration":8.8202,"failureMessages":[],"meta":{},"tags":[]},{"ancestorTitles":["NAVER SmartChannel N1C source-resolution contract"],"fullName":"NAVER SmartChannel N1C source-resolution contract maintains a 120-to-120 template and PSD bijection","status":"passed","title":"maintains a 120-to-120 template and PSD bijection","duration":83.0752,"failureMessages":[],"meta":{},"tags":[]},{"ancestorTitles":["NAVER SmartChannel N1C source-resolution contract"],"fullName":"NAVER SmartChannel N1C source-resolution contract freezes source typography and fixed affordances with pinned runtime assets","status":"passed","title":"freezes source typography and fixed affordances with pinned runtime assets","duration":4.594500000000039,"failureMessages":[],"meta":{},"tags":[]},{"ancestorTitles":["NAVER SmartChannel N1C source-resolution contract"],"fullName":"NAVER SmartChannel N1C source-resolution contract freezes official source revision and CTA options","status":"passed","title":"freezes official source revision and CTA options","duration":1.3500999999999976,"failureMessages":[],"meta":{},"tags":[]},{"ancestorTitles":["NAVER SmartChannel N1C source-resolution contract"],"fullName":"NAVER SmartChannel N1C source-resolution contract keeps N2 candidates registry-only and source-backed","status":"passed","title":"keeps N2 candidates registry-only and source-backed","duration":12.814500000000066,"failureMessages":[],"meta":{},"tags":[]},{"ancestorTitles":["NAVER SmartChannel N1C source-resolution contract"],"fullName":"NAVER SmartChannel N1C source-resolution contract does not expose a SmartChannel runtime implementation","status":"passed","title":"does not expose a SmartChannel runtime implementation","duration":5.0685000000000855,"failureMessages":[],"meta":{},"tags":[]}],"startTime":1786763807678,"endTime":1786763807795.0686,"status":"passed","message":"","name":"C:/Users/Lenovo/Desktop/kakao-bizboard-renderer-spec-v1-package/tests/channel-contract/naver-smartchannel-template-contract.test.ts"},{"assertionResults":[{"ancestorTitles":["FREEFORM contract schemas"],"fullName":"FREEFORM contract schemas compiles all schemas and rejects unknown fields","status":"passed","title":"compiles all schemas and rejects unknown fields","duration":298.92370000000005,"failureMessages":[],"meta":{},"tags":[]},{"ancestorTitles":["FREEFORM contract schemas"],"fullName":"FREEFORM contract schemas accepts FREEFORM input without templateId and rejects profile mismatch","status":"passed","title":"accepts FREEFORM input without templateId and rejects profile mismatch","duration":14.823700000000144,"failureMessages":[],"meta":{},"tags":[]},{"ancestorTitles":["FREEFORM element rules"],"fullName":"FREEFORM element rules enforces ids, bounds, colors, and the v1 wrap boundary","status":"passed","title":"enforces ids, bounds, colors, and the v1 wrap boundary","duration":29.467999999999847,"failureMessages":[],"meta":{},"tags":[]},{"ancestorTitles":["FREEFORM element rules"],"fullName":"FREEFORM element rules materializes deterministic defaults and keeps zIndex stable sort","status":"passed","title":"materializes deterministic defaults and keeps zIndex stable sort","duration":19.889900000000125,"failureMessages":[],"meta":{},"tags":[]},{"ancestorTitles":["FREEFORM deterministic assets and fingerprints"],"fullName":"FREEFORM deterministic assets and fingerprints requires registered font assets and exact digests","status":"passed","title":"requires registered font assets and exact digests","duration":7.514399999999796,"failureMessages":[],"meta":{},"tags":[]},{"ancestorTitles":["FREEFORM deterministic assets and fingerprints"],"fullName":"FREEFORM deterministic assets and fingerprints keeps pixel fingerprints equal across MANUAL and AGENT provenance","status":"passed","title":"keeps pixel fingerprints equal across MANUAL and AGENT provenance","duration":39.352499999999964,"failureMessages":[],"meta":{},"tags":[]},{"ancestorTitles":["FREEFORM deterministic assets and fingerprints"],"fullName":"FREEFORM deterministic assets and fingerprints preserves existing TEMPLATE_LOCKED Golden bytes","status":"passed","title":"preserves existing TEMPLATE_LOCKED Golden bytes","duration":38.25420000000008,"failureMessages":[],"meta":{},"tags":[]}],"startTime":1786763805048,"endTime":1786763805498.2542,"status":"passed","message":"","name":"C:/Users/Lenovo/Desktop/kakao-bizboard-renderer-spec-v1-package/tests/freeform-contract/freeform-contract.test.ts"},{"assertionResults":[{"ancestorTitles":["FREEFORM Core Raster v1"],"fullName":"FREEFORM Core Raster v1 renders a transparent/solid IMAGE + TEXT + LOGO plan with applied elements","status":"passed","title":"renders a transparent/solid IMAGE + TEXT + LOGO plan with applied elements","duration":2379.4927,"failureMessages":[],"meta":{},"tags":[]},{"ancestorTitles":["FREEFORM Core Raster v1"],"fullName":"FREEFORM Core Raster v1 is byte deterministic across three runs and keeps manual/agent pixels equal","status":"passed","title":"is byte deterministic across three runs and keeps manual/agent pixels equal","duration":3287.4628000000002,"failureMessages":[],"meta":{},"tags":[]},{"ancestorTitles":["FREEFORM Core Raster v1"],"fullName":"FREEFORM Core Raster v1 supports explicit newlines, CLIP overflow, and all image placement policies","status":"passed","title":"supports explicit newlines, CLIP overflow, and all image placement policies","duration":3903.3505000000005,"failureMessages":[],"meta":{},"tags":[]},{"ancestorTitles":["FREEFORM Core Raster v1"],"fullName":"FREEFORM Core Raster v1 preserves original array order for equal zIndex values","status":"passed","title":"preserves original array order for equal zIndex values","duration":1101.2721999999994,"failureMessages":[],"meta":{},"tags":[]},{"ancestorTitles":["FREEFORM Core Raster v1"],"fullName":"FREEFORM Core Raster v1 fails closed for missing plans, invalid bounds, duplicate ids, unsupported features, and JPG","status":"passed","title":"fails closed for missing plans, invalid bounds, duplicate ids, unsupported features, and JPG","duration":4164.577600000002,"failureMessages":[],"meta":{},"tags":[]},{"ancestorTitles":["FREEFORM Core Raster v1"],"fullName":"FREEFORM Core Raster v1 publishes FREEFORM artifacts atomically through the existing Core entry","status":"passed","title":"publishes FREEFORM artifacts atomically through the existing Core entry","duration":1529.122199999998,"failureMessages":[],"meta":{},"tags":[]},{"ancestorTitles":["FREEFORM Core Raster v1"],"fullName":"FREEFORM Core Raster v1 keeps the existing TEMPLATE_LOCKED Golden bytes unchanged","status":"passed","title":"keeps the existing TEMPLATE_LOCKED Golden bytes unchanged","duration":1.801100000000588,"failureMessages":[],"meta":{},"tags":[]}],"startTime":1786763790934,"endTime":1786763807308.801,"status":"passed","message":"","name":"C:/Users/Lenovo/Desktop/kakao-bizboard-renderer-spec-v1-package/tests/freeform-core/freeform-core.test.ts"},{"assertionResults":[{"ancestorTitles":["FREEFORM Desktop image placement presets"],"fullName":"FREEFORM Desktop image placement presets creates a neutral full-canvas IMAGE without a design-side position","status":"passed","title":"creates a neutral full-canvas IMAGE without a design-side position","duration":5.300700000000688,"failureMessages":[],"meta":{},"tags":[]},{"ancestorTitles":["FREEFORM Desktop image placement presets"],"fullName":"FREEFORM Desktop image placement presets applies Fit and Reset as one-shot placement edits while preserving layer values","status":"passed","title":"applies Fit and Reset as one-shot placement edits while preserving layer values","duration":1.9915000000000873,"failureMessages":[],"meta":{},"tags":[]},{"ancestorTitles":["FREEFORM Desktop image placement presets"],"fullName":"FREEFORM Desktop image placement presets calculates exact centered cover crops for landscape, portrait, and equal ratios","status":"passed","title":"calculates exact centered cover crops for landscape, portrait, and equal ratios","duration":1.13970000000063,"failureMessages":[],"meta":{},"tags":[]},{"ancestorTitles":["FREEFORM Desktop image placement presets"],"fullName":"FREEFORM Desktop image placement presets keeps runtime precision for the 2048x1365 to 1200x600 acceptance case","status":"passed","title":"keeps runtime precision for the 2048x1365 to 1200x600 acceptance case","duration":0.8991000000005442,"failureMessages":[],"meta":{},"tags":[]},{"ancestorTitles":["FREEFORM Desktop image placement presets"],"fullName":"FREEFORM Desktop image placement presets writes Fill as an explicit MANUAL_CROP and produces deterministic Core pixels","status":"passed","title":"writes Fill as an explicit MANUAL_CROP and produces deterministic Core pixels","duration":3139.6473000000005,"failureMessages":[],"meta":{},"tags":[]}],"startTime":1786763790932,"endTime":1786763794080.6472,"status":"passed","message":"","name":"C:/Users/Lenovo/Desktop/kakao-bizboard-renderer-spec-v1-package/tests/freeform-presets/freeform-image-placement-presets.test.ts"},{"assertionResults":[{"ancestorTitles":["MASK_SEMICIRCLE_RIGHT Windows x64 golden"],"fullName":"MASK_SEMICIRCLE_RIGHT Windows x64 golden uses the restored circle arc without a logo cutout","status":"passed","title":"uses the restored circle arc without a logo cutout","duration":30.653400000000147,"failureMessages":[],"meta":{},"tags":[]},{"ancestorTitles":["MASK_SEMICIRCLE_RIGHT Windows x64 golden"],"fullName":"MASK_SEMICIRCLE_RIGHT Windows x64 golden produces byte-equal PNG across three executions","status":"passed","title":"produces byte-equal PNG across three executions","duration":347.4854,"failureMessages":[],"meta":{},"tags":[]}],"startTime":1786763806125,"endTime":1786763806503.4854,"status":"passed","message":"","name":"C:/Users/Lenovo/Desktop/kakao-bizboard-renderer-spec-v1-package/tests/golden/mask-semicircle-right.test.ts"},{"assertionResults":[{"ancestorTitles":["THUMBNAIL_BOX_RIGHT Golden"],"fullName":"THUMBNAIL_BOX_RIGHT Golden is deterministic and excludes the gray guide placeholder","status":"passed","title":"is deterministic and excludes the gray guide placeholder","duration":550.1471999999999,"failureMessages":[],"meta":{},"tags":[]}],"startTime":1786763804612,"endTime":1786763805162.1472,"status":"passed","message":"","name":"C:/Users/Lenovo/Desktop/kakao-bizboard-renderer-spec-v1-package/tests/golden/thumbnail-box-right.test.ts"},{"assertionResults":[{"ancestorTitles":["THUMBNAIL_MULTI_RIGHT Golden"],"fullName":"THUMBNAIL_MULTI_RIGHT Golden is byte deterministic across three runs and preserves the transparent boundaries","status":"passed","title":"is byte deterministic across three runs and preserves the transparent boundaries","duration":319.5612000000001,"failureMessages":[],"meta":{},"tags":[]}],"startTime":1786763806708,"endTime":1786763807027.5613,"status":"passed","message":"","name":"C:/Users/Lenovo/Desktop/kakao-bizboard-renderer-spec-v1-package/tests/golden/thumbnail-multi-right.test.ts"},{"assertionResults":[{"ancestorTitles":["Windows 10/11 x64 golden determinism"],"fullName":"Windows 10/11 x64 golden determinism produces one byte-equal PNG SHA-256 across three identical runs","status":"passed","title":"produces one byte-equal PNG SHA-256 across three identical runs","duration":3661.8059999999996,"failureMessages":[],"meta":{},"tags":[]},{"ancestorTitles":["Windows 10/11 x64 golden determinism"],"fullName":"Windows 10/11 x64 golden determinism keeps the product and right-side region byte-equal to the pre-C2a Golden","status":"passed","title":"keeps the product and right-side region byte-equal to the pre-C2a Golden","duration":9034.0032,"failureMessages":[],"meta":{},"tags":[]}],"startTime":1786763790927,"endTime":1786763803623.0032,"status":"passed","message":"","name":"C:/Users/Lenovo/Desktop/kakao-bizboard-renderer-spec-v1-package/tests/golden/windows-determinism.test.ts"},{"assertionResults":[{"ancestorTitles":["Google G2 deterministic rendering"],"fullName":"Google G2 deterministic rendering keeps the fourteen-candidate registry pending and ordered","status":"passed","title":"keeps the fourteen-candidate registry pending and ordered","duration":13.98700000000008,"failureMessages":[],"meta":{},"tags":[]},{"ancestorTitles":["Google G2 deterministic rendering"],"fullName":"Google G2 deterministic rendering renders a candidate byte-for-byte identically on repeat","status":"passed","title":"renders a candidate byte-for-byte identically on repeat","duration":249.30139999999983,"failureMessages":[],"meta":{},"tags":[]},{"ancestorTitles":["Google G2 deterministic rendering"],"fullName":"Google G2 deterministic rendering fails closed for crop plans that omit their source rectangle","status":"passed","title":"fails closed for crop plans that omit their source rectangle","duration":24.25530000000026,"failureMessages":[],"meta":{},"tags":[]}],"startTime":1786763807630,"endTime":1786763807918.2554,"status":"passed","message":"","name":"C:/Users/Lenovo/Desktop/kakao-bizboard-renderer-spec-v1-package/tests/google-static/google-static-g2.test.ts"},{"assertionResults":[{"ancestorTitles":["Google G1 static contracts"],"fullName":"Google G1 static contracts loads fourteen deterministic profiles and no legacy runtime profiles","status":"passed","title":"loads fourteen deterministic profiles and no legacy runtime profiles","duration":10.395300000000134,"failureMessages":[],"meta":{},"tags":[]},{"ancestorTitles":["Google G1 static contracts"],"fullName":"Google G1 static contracts passes a minimal RDA collection and keeps platform fields as metadata","status":"passed","title":"passes a minimal RDA collection and keeps platform fields as metadata","duration":4.7552999999998065,"failureMessages":[],"meta":{},"tags":[]},{"ancestorTitles":["Google G1 static contracts"],"fullName":"Google G1 static contracts fails deterministically for unknown profile, canvas, MIME, and byte cap","status":"passed","title":"fails deterministically for unknown profile, canvas, MIME, and byte cap","duration":3.847900000000209,"failureMessages":[],"meta":{},"tags":[]},{"ancestorTitles":["Google G1 static contracts"],"fullName":"Google G1 static contracts enforces PMax non-retail copy counts and brand association discriminator","status":"passed","title":"enforces PMax non-retail copy counts and brand association discriminator","duration":3.4908000000000357,"failureMessages":[],"meta":{},"tags":[]},{"ancestorTitles":["Google G1 static contracts"],"fullName":"Google G1 static contracts rejects non-deterministic ordinals and preserves transitional INFO","status":"passed","title":"rejects non-deterministic ordinals and preserves transitional INFO","duration":3.6314000000002125,"failureMessages":[],"meta":{},"tags":[]}],"startTime":1786763809102,"endTime":1786763809127.6313,"status":"passed","message":"","name":"C:/Users/Lenovo/Desktop/kakao-bizboard-renderer-spec-v1-package/tests/google-static/google-static.test.ts"},{"assertionResults":[{"ancestorTitles":["CLI"],"fullName":"CLI renders with explicit trusted roots and emits a response envelope","status":"passed","title":"renders with explicit trusted roots and emits a response envelope","duration":3970.1243999999997,"failureMessages":[],"meta":{},"tags":[]},{"ancestorTitles":["CLI"],"fullName":"CLI uses exit code 2 for a deterministic validation failure","status":"passed","title":"uses exit code 2 for a deterministic validation failure","duration":3483.9524999999994,"failureMessages":[],"meta":{},"tags":[]},{"ancestorTitles":["CLI"],"fullName":"CLI uses exit code 1 when the CLI input path escapes its trusted root","status":"passed","title":"uses exit code 1 when the CLI input path escapes its trusted root","duration":2491.6895000000004,"failureMessages":[],"meta":{},"tags":[]}],"startTime":1786763787102,"endTime":1786763797047.6895,"status":"passed","message":"","name":"C:/Users/Lenovo/Desktop/kakao-bizboard-renderer-spec-v1-package/tests/integration/cli.test.ts"},{"assertionResults":[{"ancestorTitles":["Core renderer publish workflow"],"fullName":"Core renderer publish workflow publishes exactly one RGBA PNG and one self-hash-free manifest","status":"passed","title":"publishes exactly one RGBA PNG and one self-hash-free manifest","duration":1465.5004,"failureMessages":[],"meta":{},"tags":[]},{"ancestorTitles":["Core renderer publish workflow"],"fullName":"Core renderer publish workflow does not publish when CTA mode is registered but disabled","status":"passed","title":"does not publish when CTA mode is registered but disabled","duration":998.5066000000006,"failureMessages":[],"meta":{},"tags":[]},{"ancestorTitles":["Core renderer publish workflow"],"fullName":"Core renderer publish workflow does not publish a product with no layout-visible alpha","status":"passed","title":"does not publish a product with no layout-visible alpha","duration":1071.4872999999998,"failureMessages":[],"meta":{},"tags":[]},{"ancestorTitles":["Core renderer publish workflow"],"fullName":"Core renderer publish workflow maps a missing safe asset to KBR-ASSET-001","status":"passed","title":"maps a missing safe asset to KBR-ASSET-001","duration":873.1377999999986,"failureMessages":[],"meta":{},"tags":[]},{"ancestorTitles":["Core renderer publish workflow"],"fullName":"Core renderer publish workflow blocks output traversal at Core and reports the output pointer","status":"passed","title":"blocks output traversal at Core and reports the output pointer","duration":917.3224000000009,"failureMessages":[],"meta":{},"tags":[]},{"ancestorTitles":["Core renderer publish workflow"],"fullName":"Core renderer publish workflow preserves completed output when overwrite is not explicitly enabled","status":"passed","title":"preserves completed output when overwrite is not explicitly enabled","duration":1459.4081000000006,"failureMessages":[],"meta":{},"tags":[]},{"ancestorTitles":["Core renderer publish workflow"],"fullName":"Core renderer publish workflow enforces downloadAllowed in the Core API","status":"passed","title":"enforces downloadAllowed in the Core API","duration":1048.6941000000006,"failureMessages":[],"meta":{},"tags":[]}],"startTime":1786763790932,"endTime":1786763798767.694,"status":"passed","message":"","name":"C:/Users/Lenovo/Desktop/kakao-bizboard-renderer-spec-v1-package/tests/integration/renderer.test.ts"},{"assertionResults":[{"ancestorTitles":["C2a text limits in the Core pipeline"],"fullName":"C2a text limits in the Core pipeline returns baseline and metrics from the exact rasterized text","status":"passed","title":"returns baseline and metrics from the exact rasterized text","duration":1271.9737999999998,"failureMessages":[],"meta":{},"tags":[]},{"ancestorTitles":["C2a text limits in the Core pipeline"],"fullName":"C2a text limits in the Core pipeline blocks a Korean-equivalent count error even when pixel width remains under 585px","status":"passed","title":"blocks a Korean-equivalent count error even when pixel width remains under 585px","duration":1046.9582,"failureMessages":[],"meta":{},"tags":[]},{"ancestorTitles":["C2a text limits in the Core pipeline"],"fullName":"C2a text limits in the Core pipeline blocks a raster width error even when Korean-equivalent units remain within the limit","status":"passed","title":"blocks a raster width error even when Korean-equivalent units remain within the limit","duration":1075.9575000000004,"failureMessages":[],"meta":{},"tags":[]},{"ancestorTitles":["C2a text limits in the Core pipeline"],"fullName":"C2a text limits in the Core pipeline blocks a Subcopy Korean-equivalent count error","status":"passed","title":"blocks a Subcopy Korean-equivalent count error","duration":939.5018,"failureMessages":[],"meta":{},"tags":[]},{"ancestorTitles":["C2a text limits in the Core pipeline"],"fullName":"C2a text limits in the Core pipeline allows warning-only width results and preserves the output gate","status":"passed","title":"allows warning-only width results and preserves the output gate","duration":1133.6483000000007,"failureMessages":[],"meta":{},"tags":[]},{"ancestorTitles":["C2a text limits in the Core pipeline"],"fullName":"C2a text limits in the Core pipeline preserves consecutive spaces and reports a warning instead of rewriting the input","status":"passed","title":"preserves consecutive spaces and reports a warning instead of rewriting the input","duration":909.0580999999984,"failureMessages":[],"meta":{},"tags":[]}],"startTime":1786763790933,"endTime":1786763797311.058,"status":"passed","message":"","name":"C:/Users/Lenovo/Desktop/kakao-bizboard-renderer-spec-v1-package/tests/integration/text-limits.test.ts"},{"assertionResults":[{"ancestorTitles":["FREEFORM Validator & Compliance Hardening"],"fullName":"FREEFORM Validator & Compliance Hardening validates the frozen profile and produces stage-tagged deterministic PRE_RENDER issues","status":"passed","title":"validates the frozen profile and produces stage-tagged deterministic PRE_RENDER issues","duration":248.26779999999962,"failureMessages":[],"meta":{},"tags":[]},{"ancestorTitles":["FREEFORM Validator & Compliance Hardening"],"fullName":"FREEFORM Validator & Compliance Hardening blocks profile, layout mode, background, unsupported output, and invalid feature contracts before raster","status":"passed","title":"blocks profile, layout mode, background, unsupported output, and invalid feature contracts before raster","duration":2791.4057000000003,"failureMessages":[],"meta":{},"tags":[]},{"ancestorTitles":["FREEFORM Validator & Compliance Hardening"],"fullName":"FREEFORM Validator & Compliance Hardening fails closed for missing, mismatched, undecodable, and dimension-mismatched assets","status":"passed","title":"fails closed for missing, mismatched, undecodable, and dimension-mismatched assets","duration":2578.046800000001,"failureMessages":[],"meta":{},"tags":[]},{"ancestorTitles":["FREEFORM Validator & Compliance Hardening"],"fullName":"FREEFORM Validator & Compliance Hardening enforces image placement semantics without crop inference","status":"passed","title":"enforces image placement semantics without crop inference","duration":2929.796900000001,"failureMessages":[],"meta":{},"tags":[]},{"ancestorTitles":["FREEFORM Validator & Compliance Hardening"],"fullName":"FREEFORM Validator & Compliance Hardening enforces text registry, color, wrap, and raster overflow boundaries","status":"passed","title":"enforces text registry, color, wrap, and raster overflow boundaries","duration":3387.3091000000004,"failureMessages":[],"meta":{},"tags":[]},{"ancestorTitles":["FREEFORM Validator & Compliance Hardening"],"fullName":"FREEFORM Validator & Compliance Hardening requires transparent, non-empty PNG logos without imposing a color rule","status":"passed","title":"requires transparent, non-empty PNG logos without imposing a color rule","duration":1697.0060999999987,"failureMessages":[],"meta":{},"tags":[]},{"ancestorTitles":["FREEFORM Validator & Compliance Hardening"],"fullName":"FREEFORM Validator & Compliance Hardening rejects tampered applied elements and post-render artifacts deterministically","status":"passed","title":"rejects tampered applied elements and post-render artifacts deterministically","duration":1065.6031000000003,"failureMessages":[],"meta":{},"tags":[]},{"ancestorTitles":["FREEFORM Validator & Compliance Hardening"],"fullName":"FREEFORM Validator & Compliance Hardening keeps MANUAL and AGENT validation and pixels equivalent while allowing request fingerprints to differ","status":"passed","title":"keeps MANUAL and AGENT validation and pixels equivalent while allowing request fingerprints to differ","duration":1542.4273999999969,"failureMessages":[],"meta":{},"tags":[]},{"ancestorTitles":["FREEFORM Validator & Compliance Hardening"],"fullName":"FREEFORM Validator & Compliance Hardening does not expose absolute paths in output validation failures","status":"passed","title":"does not expose absolute paths in output validation failures","duration":792.119200000001,"failureMessages":[],"meta":{},"tags":[]}],"startTime":1786763790927,"endTime":1786763807962.1191,"status":"passed","message":"","name":"C:/Users/Lenovo/Desktop/kakao-bizboard-renderer-spec-v1-package/tests/freeform-validator/freeform-validator.test.ts"},{"assertionResults":[{"ancestorTitles":["Integration Contract schemas"],"fullName":"Integration Contract schemas parses every v1 schema and rejects unknown fields","status":"passed","title":"parses every v1 schema and rejects unknown fields","duration":658.3141999999998,"failureMessages":[],"meta":{},"tags":[]},{"ancestorTitles":["Integration Contract schemas"],"fullName":"Integration Contract schemas round-trips a manual plan in canonical JSON and preserves source","status":"passed","title":"round-trips a manual plan in canonical JSON and preserves source","duration":2.6793000000002394,"failureMessages":[],"meta":{},"tags":[]},{"ancestorTitles":["normalized geometry"],"fullName":"normalized geometry rejects non-finite { x: NaN, y: +0 }","status":"passed","title":"rejects non-finite { x: NaN, y: +0 }","duration":1.0039999999999054,"failureMessages":[],"meta":{},"tags":[]},{"ancestorTitles":["normalized geometry"],"fullName":"normalized geometry rejects non-finite { x: Infinity, y: +0 }","status":"passed","title":"rejects non-finite { x: Infinity, y: +0 }","duration":0.34380000000010114,"failureMessages":[],"meta":{},"tags":[]},{"ancestorTitles":["normalized geometry"],"fullName":"normalized geometry rejects negative, zero-size, and out-of-bounds rectangles without clamping","status":"passed","title":"rejects negative, zero-size, and out-of-bounds rectangles without clamping","duration":3.3154999999997017,"failureMessages":[],"meta":{},"tags":[]},{"ancestorTitles":["normalized geometry"],"fullName":"normalized geometry converts normalized bounds with floor/ceil and minimum one pixel","status":"passed","title":"converts normalized bounds with floor/ceil and minimum one pixel","duration":1.8554000000003725,"failureMessages":[],"meta":{},"tags":[]},{"ancestorTitles":["placement policy matrix"],"fullName":"placement policy matrix allows alpha trim and center contain without crop","status":"passed","title":"allows alpha trim and center contain without crop","duration":4.020199999999932,"failureMessages":[],"meta":{},"tags":[]},{"ancestorTitles":["placement policy matrix"],"fullName":"placement policy matrix rejects crop on contain and missing crop on semantic/manual policies","status":"passed","title":"rejects crop on contain and missing crop on semantic/manual policies","duration":6.238800000000083,"failureMessages":[],"meta":{},"tags":[]},{"ancestorTitles":["placement policy matrix"],"fullName":"placement policy matrix rejects absolute or traversal-like asset references in the serializable contract","status":"passed","title":"rejects absolute or traversal-like asset references in the serializable contract","duration":2.4324000000001433,"failureMessages":[],"meta":{},"tags":[]},{"ancestorTitles":["placement policy matrix"],"fullName":"placement policy matrix accepts exactly one direct crop or candidate for semantic crop","status":"passed","title":"accepts exactly one direct crop or candidate for semantic crop","duration":1.742200000000139,"failureMessages":[],"meta":{},"tags":[]},{"ancestorTitles":["candidate and subject protection"],"fullName":"candidate and subject protection blocks missing, duplicate, and mismatched candidates","status":"passed","title":"blocks missing, duplicate, and mismatched candidates","duration":9.208999999999833,"failureMessages":[],"meta":{},"tags":[]},{"ancestorTitles":["candidate and subject protection"],"fullName":"candidate and subject protection applies REQUIRED/PREFERRED/NONE clipping semantics","status":"passed","title":"applies REQUIRED/PREFERRED/NONE clipping semantics","duration":2.431300000000192,"failureMessages":[],"meta":{},"tags":[]},{"ancestorTitles":["fingerprints"],"fullName":"fingerprints keeps pixel fingerprints equal while request fingerprints record source provenance","status":"passed","title":"keeps pixel fingerprints equal while request fingerprints record source provenance","duration":15.589399999999841,"failureMessages":[],"meta":{},"tags":[]},{"ancestorTitles":["capability and adapter boundary"],"fullName":"capability and adapter boundary advertises OBJECT_RIGHT, THUMBNAIL_BOX_RIGHT, and THUMBNAIL_MULTI_RIGHT as production implemented","status":"passed","title":"advertises OBJECT_RIGHT, THUMBNAIL_BOX_RIGHT, and THUMBNAIL_MULTI_RIGHT as production implemented","duration":1.1308999999996558,"failureMessages":[],"meta":{},"tags":[]},{"ancestorTitles":["capability and adapter boundary"],"fullName":"capability and adapter boundary resolves a fixture asset and bridges an Integration Input to a legacy renderer callback","status":"passed","title":"resolves a fixture asset and bridges an Integration Input to a legacy renderer callback","duration":14.063599999999951,"failureMessages":[],"meta":{},"tags":[]},{"ancestorTitles":["capability and adapter boundary"],"fullName":"capability and adapter boundary bridges the Integration Input into the unchanged OBJECT_RIGHT Core pipeline","status":"passed","title":"bridges the Integration Input into the unchanged OBJECT_RIGHT Core pipeline","duration":1334.0191999999997,"failureMessages":[],"meta":{},"tags":[]},{"ancestorTitles":["capability and adapter boundary"],"fullName":"capability and adapter boundary blocks checksum and dimension mismatch before legacy rendering","status":"passed","title":"blocks checksum and dimension mismatch before legacy rendering","duration":13.82799999999952,"failureMessages":[],"meta":{},"tags":[]},{"ancestorTitles":["capability and adapter boundary"],"fullName":"capability and adapter boundary blocks an unsupported production capability without auto inference","status":"passed","title":"blocks an unsupported production capability without auto inference","duration":6.8862000000008265,"failureMessages":[],"meta":{},"tags":[]},{"ancestorTitles":["constant baseline"],"fullName":"constant baseline keeps the existing OBJECT_RIGHT integration identifiers stable","status":"passed","title":"keeps the existing OBJECT_RIGHT integration identifiers stable","duration":0.6132999999999811,"failureMessages":[],"meta":{},"tags":[]}],"startTime":1786763798220,"endTime":1786763800302.6133,"status":"passed","message":"","name":"C:/Users/Lenovo/Desktop/kakao-bizboard-renderer-spec-v1-package/tests/integration-contract/contract.test.ts"},{"assertionResults":[{"ancestorTitles":["decimal Crop Rect contract"],"fullName":"decimal Crop Rect contract accepts finite decimal value 0.5","status":"passed","title":"accepts finite decimal value 0.5","duration":5.8899000000000115,"failureMessages":[],"meta":{},"tags":[]},{"ancestorTitles":["decimal Crop Rect contract"],"fullName":"decimal Crop Rect contract accepts finite decimal value 0.125","status":"passed","title":"accepts finite decimal value 0.125","duration":0.5720000000000027,"failureMessages":[],"meta":{},"tags":[]},{"ancestorTitles":["decimal Crop Rect contract"],"fullName":"decimal Crop Rect contract accepts finite decimal value 0.0001","status":"passed","title":"accepts finite decimal value 0.0001","duration":0.5184999999999036,"failureMessages":[],"meta":{},"tags":[]},{"ancestorTitles":["decimal Crop Rect contract"],"fullName":"decimal Crop Rect contract accepts finite decimal value 0.999999","status":"passed","title":"accepts finite decimal value 0.999999","duration":0.41590000000007876,"failureMessages":[],"meta":{},"tags":[]},{"ancestorTitles":["decimal Crop Rect contract"],"fullName":"decimal Crop Rect contract rejects negative, zero-size, non-finite, and over-bound values without correction","status":"passed","title":"rejects negative, zero-size, non-finite, and over-bound values without correction","duration":1.737600000000043,"failureMessages":[],"meta":{},"tags":[]},{"ancestorTitles":["decimal Crop Rect contract"],"fullName":"decimal Crop Rect contract keeps fine normalized changes visible in the deterministic pixel conversion","status":"passed","title":"keeps fine normalized changes visible in the deterministic pixel conversion","duration":1.6427999999999656,"failureMessages":[],"meta":{},"tags":[]},{"ancestorTitles":["decimal Crop Rect contract"],"fullName":"decimal Crop Rect contract round-trips six-decimal values through Plan JSON without loss","status":"passed","title":"round-trips six-decimal values through Plan JSON without loss","duration":2.236699999999928,"failureMessages":[],"meta":{},"tags":[]},{"ancestorTitles":["decimal Crop Rect contract"],"fullName":"decimal Crop Rect contract includes decimal normalized values in request and pixel fingerprints","status":"passed","title":"includes decimal normalized values in request and pixel fingerprints","duration":12.722800000000007,"failureMessages":[],"meta":{},"tags":[]},{"ancestorTitles":["Renderer Lab decimal edit buffer"],"fullName":"Renderer Lab decimal edit buffer preserves incomplete intermediate strings instead of converting them to zero","status":"passed","title":"preserves incomplete intermediate strings instead of converting them to zero","duration":1.7071999999999434,"failureMessages":[],"meta":{},"tags":[]},{"ancestorTitles":["Renderer Lab decimal edit buffer"],"fullName":"Renderer Lab decimal edit buffer provides deterministic keyboard adjustment values without clamping","status":"passed","title":"provides deterministic keyboard adjustment values without clamping","duration":1.995999999999981,"failureMessages":[],"meta":{},"tags":[]}],"startTime":1786763808196,"endTime":1786763808226.996,"status":"passed","message":"","name":"C:/Users/Lenovo/Desktop/kakao-bizboard-renderer-spec-v1-package/tests/integration-contract/crop-rect-decimal.test.ts"},{"assertionResults":[{"ancestorTitles":["MASK_SEMICIRCLE_RIGHT integration execution"],"fullName":"MASK_SEMICIRCLE_RIGHT integration execution renders the restored semicircle with ordered image and color-unrestricted logo overlay","status":"passed","title":"renders the restored semicircle with ordered image and color-unrestricted logo overlay","duration":193.22969999999987,"failureMessages":[],"meta":{},"tags":[]},{"ancestorTitles":["MASK_SEMICIRCLE_RIGHT integration execution"],"fullName":"MASK_SEMICIRCLE_RIGHT integration execution is deterministic and independent of input placement-plan order","status":"passed","title":"is deterministic and independent of input placement-plan order","duration":397.1926999999996,"failureMessages":[],"meta":{},"tags":[]},{"ancestorTitles":["MASK_SEMICIRCLE_RIGHT integration execution"],"fullName":"MASK_SEMICIRCLE_RIGHT integration execution accepts colored transparent logo colors without recoloring","status":"passed","title":"accepts colored transparent logo colors without recoloring","duration":157.54120000000012,"failureMessages":[],"meta":{},"tags":[]},{"ancestorTitles":["MASK_SEMICIRCLE_RIGHT integration execution"],"fullName":"MASK_SEMICIRCLE_RIGHT integration execution accepts white transparent logo colors without recoloring","status":"passed","title":"accepts white transparent logo colors without recoloring","duration":196.75930000000017,"failureMessages":[],"meta":{},"tags":[]},{"ancestorTitles":["MASK_SEMICIRCLE_RIGHT integration execution"],"fullName":"MASK_SEMICIRCLE_RIGHT integration execution blocks opaque logos deterministically","status":"passed","title":"blocks opaque logos deterministically","duration":142.7737000000002,"failureMessages":[],"meta":{},"tags":[]},{"ancestorTitles":["MASK_SEMICIRCLE_RIGHT integration execution"],"fullName":"MASK_SEMICIRCLE_RIGHT integration execution blocks empty logos deterministically","status":"passed","title":"blocks empty logos deterministically","duration":52.60739999999987,"failureMessages":[],"meta":{},"tags":[]},{"ancestorTitles":["MASK_SEMICIRCLE_RIGHT integration execution"],"fullName":"MASK_SEMICIRCLE_RIGHT integration execution blocks crop rect and crop candidate fields on the logo plan","status":"passed","title":"blocks crop rect and crop candidate fields on the logo plan","duration":12.146600000000035,"failureMessages":[],"meta":{},"tags":[]},{"ancestorTitles":["MASK_SEMICIRCLE_RIGHT integration execution"],"fullName":"MASK_SEMICIRCLE_RIGHT integration execution allows a missing optional logo plan when no second asset is supplied","status":"passed","title":"allows a missing optional logo plan when no second asset is supplied","duration":176.54399999999987,"failureMessages":[],"meta":{},"tags":[]},{"ancestorTitles":["MASK_SEMICIRCLE_RIGHT integration execution"],"fullName":"MASK_SEMICIRCLE_RIGHT integration execution blocks a second asset without an optional logo plan","status":"passed","title":"blocks a second asset without an optional logo plan","duration":17.045300000000225,"failureMessages":[],"meta":{},"tags":[]},{"ancestorTitles":["MASK_SEMICIRCLE_RIGHT integration execution"],"fullName":"MASK_SEMICIRCLE_RIGHT integration execution blocks a logo plan whose asset is absent","status":"passed","title":"blocks a logo plan whose asset is absent","duration":6.639700000000175,"failureMessages":[],"meta":{},"tags":[]},{"ancestorTitles":["MASK_SEMICIRCLE_RIGHT integration execution"],"fullName":"MASK_SEMICIRCLE_RIGHT integration execution blocks a tampered mask asset digest","status":"passed","title":"blocks a tampered mask asset digest","duration":24.38279999999986,"failureMessages":[],"meta":{},"tags":[]}],"startTime":1786763799738,"endTime":1786763801116.3828,"status":"passed","message":"","name":"C:/Users/Lenovo/Desktop/kakao-bizboard-renderer-spec-v1-package/tests/integration-contract/mask-semicircle-right.test.ts"},{"assertionResults":[{"ancestorTitles":["THUMBNAIL_BOX_RIGHT integration execution"],"fullName":"THUMBNAIL_BOX_RIGHT integration execution renders manual-crop-pass","status":"passed","title":"renders manual-crop-pass","duration":139.33380000000034,"failureMessages":[],"meta":{},"tags":[]},{"ancestorTitles":["THUMBNAIL_BOX_RIGHT integration execution"],"fullName":"THUMBNAIL_BOX_RIGHT integration execution renders semantic-crop-direct-pass","status":"passed","title":"renders semantic-crop-direct-pass","duration":128.53970000000027,"failureMessages":[],"meta":{},"tags":[]},{"ancestorTitles":["THUMBNAIL_BOX_RIGHT integration execution"],"fullName":"THUMBNAIL_BOX_RIGHT integration execution renders semantic-crop-candidate-pass","status":"passed","title":"renders semantic-crop-candidate-pass","duration":95.31590000000006,"failureMessages":[],"meta":{},"tags":[]},{"ancestorTitles":["THUMBNAIL_BOX_RIGHT integration execution"],"fullName":"THUMBNAIL_BOX_RIGHT integration execution blocks missing-crop-error with KBR-CROP-RECT-REQUIRED","status":"passed","title":"blocks missing-crop-error with KBR-CROP-RECT-REQUIRED","duration":21.239600000000337,"failureMessages":[],"meta":{},"tags":[]},{"ancestorTitles":["THUMBNAIL_BOX_RIGHT integration execution"],"fullName":"THUMBNAIL_BOX_RIGHT integration execution blocks candidate-not-found-error with KBR-CROP-CANDIDATE-NOT-FOUND","status":"passed","title":"blocks candidate-not-found-error with KBR-CROP-CANDIDATE-NOT-FOUND","duration":39.56930000000011,"failureMessages":[],"meta":{},"tags":[]},{"ancestorTitles":["THUMBNAIL_BOX_RIGHT integration execution"],"fullName":"THUMBNAIL_BOX_RIGHT integration execution blocks required-subject-clipped-error with KBR-PROTECTED-SUBJECT-CLIPPED","status":"passed","title":"blocks required-subject-clipped-error with KBR-PROTECTED-SUBJECT-CLIPPED","duration":20.122899999999845,"failureMessages":[],"meta":{},"tags":[]},{"ancestorTitles":["THUMBNAIL_BOX_RIGHT integration execution"],"fullName":"THUMBNAIL_BOX_RIGHT integration execution keeps the manual and agent semantic plans pixel-equivalent","status":"passed","title":"keeps the manual and agent semantic plans pixel-equivalent","duration":119.10610000000042,"failureMessages":[],"meta":{},"tags":[]},{"ancestorTitles":["THUMBNAIL_BOX_RIGHT integration execution"],"fullName":"THUMBNAIL_BOX_RIGHT integration execution accepts JPEG for direct, manual, and candidate crop while preserving PNG output","status":"passed","title":"accepts JPEG for direct, manual, and candidate crop while preserving PNG output","duration":292.8515000000002,"failureMessages":[],"meta":{},"tags":[]},{"ancestorTitles":["THUMBNAIL_BOX_RIGHT integration execution"],"fullName":"THUMBNAIL_BOX_RIGHT integration execution blocks JPEG for OBJECT_RIGHT and allows opaque PNG for THUMBNAIL_BOX_RIGHT","status":"passed","title":"blocks JPEG for OBJECT_RIGHT and allows opaque PNG for THUMBNAIL_BOX_RIGHT","duration":104.38729999999987,"failureMessages":[],"meta":{},"tags":[]},{"ancestorTitles":["THUMBNAIL_BOX_RIGHT integration execution"],"fullName":"THUMBNAIL_BOX_RIGHT integration execution applies EXIF Orientation 6 before normalized crop execution","status":"passed","title":"applies EXIF Orientation 6 before normalized crop execution","duration":107.29260000000022,"failureMessages":[],"meta":{},"tags":[]},{"ancestorTitles":["THUMBNAIL_BOX_RIGHT integration execution"],"fullName":"THUMBNAIL_BOX_RIGHT integration execution strips JPEG metadata, emits RGBA PNG, and stays byte-deterministic","status":"passed","title":"strips JPEG metadata, emits RGBA PNG, and stays byte-deterministic","duration":150.8676999999998,"failureMessages":[],"meta":{},"tags":[]}],"startTime":1786763801425,"endTime":1786763802645.8677,"status":"passed","message":"","name":"C:/Users/Lenovo/Desktop/kakao-bizboard-renderer-spec-v1-package/tests/integration-contract/thumbnail-box-right.test.ts"},{"assertionResults":[{"ancestorTitles":["THUMBNAIL_MULTI_RIGHT integration execution"],"fullName":"THUMBNAIL_MULTI_RIGHT integration execution renders two independent slots with mixed PNG/JPEG and fixed destinations","status":"passed","title":"renders two independent slots with mixed PNG/JPEG and fixed destinations","duration":163.0623999999998,"failureMessages":[],"meta":{},"tags":[]},{"ancestorTitles":["THUMBNAIL_MULTI_RIGHT integration execution"],"fullName":"THUMBNAIL_MULTI_RIGHT integration execution applies the THUMBNAIL_MULTI_RIGHT copy unit and hard-edge contract before publishing","status":"passed","title":"applies the THUMBNAIL_MULTI_RIGHT copy unit and hard-edge contract before publishing","duration":124.64289999999983,"failureMessages":[],"meta":{},"tags":[]},{"ancestorTitles":["THUMBNAIL_MULTI_RIGHT integration execution"],"fullName":"THUMBNAIL_MULTI_RIGHT integration execution allows one asset to be reused with two independent crops","status":"passed","title":"allows one asset to be reused with two independent crops","duration":119.904,"failureMessages":[],"meta":{},"tags":[]},{"ancestorTitles":["THUMBNAIL_MULTI_RIGHT integration execution"],"fullName":"THUMBNAIL_MULTI_RIGHT integration execution canonicalizes plan execution by slot order while preserving request provenance","status":"passed","title":"canonicalizes plan execution by slot order while preserving request provenance","duration":194.4644000000003,"failureMessages":[],"meta":{},"tags":[]},{"ancestorTitles":["THUMBNAIL_MULTI_RIGHT integration execution"],"fullName":"THUMBNAIL_MULTI_RIGHT integration execution blocks primary-missing-error deterministically with KBR-PLACEMENT-PLAN-MISSING","status":"passed","title":"blocks primary-missing-error deterministically with KBR-PLACEMENT-PLAN-MISSING","duration":5.617200000000139,"failureMessages":[],"meta":{},"tags":[]},{"ancestorTitles":["THUMBNAIL_MULTI_RIGHT integration execution"],"fullName":"THUMBNAIL_MULTI_RIGHT integration execution blocks secondary-missing-error deterministically with KBR-PLACEMENT-PLAN-MISSING","status":"passed","title":"blocks secondary-missing-error deterministically with KBR-PLACEMENT-PLAN-MISSING","duration":3.209400000000187,"failureMessages":[],"meta":{},"tags":[]},{"ancestorTitles":["THUMBNAIL_MULTI_RIGHT integration execution"],"fullName":"THUMBNAIL_MULTI_RIGHT integration execution blocks duplicate-primary-plan-error deterministically with KBR-PLACEMENT-PLAN-DUPLICATE","status":"passed","title":"blocks duplicate-primary-plan-error deterministically with KBR-PLACEMENT-PLAN-DUPLICATE","duration":14.585900000000038,"failureMessages":[],"meta":{},"tags":[]},{"ancestorTitles":["THUMBNAIL_MULTI_RIGHT integration execution"],"fullName":"THUMBNAIL_MULTI_RIGHT integration execution blocks unknown-slot-error deterministically with KBR-IMAGE-SLOT-NOT-FOUND","status":"passed","title":"blocks unknown-slot-error deterministically with KBR-IMAGE-SLOT-NOT-FOUND","duration":8.661699999999655,"failureMessages":[],"meta":{},"tags":[]},{"ancestorTitles":["THUMBNAIL_MULTI_RIGHT integration execution"],"fullName":"THUMBNAIL_MULTI_RIGHT integration execution blocks cross-slot-candidate-error deterministically with KBR-CROP-CANDIDATE-MISMATCH","status":"passed","title":"blocks cross-slot-candidate-error deterministically with KBR-CROP-CANDIDATE-MISMATCH","duration":4.523200000000088,"failureMessages":[],"meta":{},"tags":[]},{"ancestorTitles":["THUMBNAIL_MULTI_RIGHT integration execution"],"fullName":"THUMBNAIL_MULTI_RIGHT integration execution blocks required-subject-clipped-primary-error deterministically with KBR-PROTECTED-SUBJECT-CLIPPED","status":"passed","title":"blocks required-subject-clipped-primary-error deterministically with KBR-PROTECTED-SUBJECT-CLIPPED","duration":20.206499999999778,"failureMessages":[],"meta":{},"tags":[]},{"ancestorTitles":["THUMBNAIL_MULTI_RIGHT integration execution"],"fullName":"THUMBNAIL_MULTI_RIGHT integration execution allows preferred subject clipping as a warning","status":"passed","title":"allows preferred subject clipping as a warning","duration":140.76789999999983,"failureMessages":[],"meta":{},"tags":[]}],"startTime":1786763803024,"endTime":1786763803827.7678,"status":"passed","message":"","name":"C:/Users/Lenovo/Desktop/kakao-bizboard-renderer-spec-v1-package/tests/integration-contract/thumbnail-multi-right.test.ts"},{"assertionResults":[{"ancestorTitles":["Kakao Moment F3A fixed FREEFORM profiles"],"fullName":"Kakao Moment F3A fixed FREEFORM profiles renders deterministic PNG Goldens for every implemented Profile","status":"passed","title":"renders deterministic PNG Goldens for every implemented Profile","duration":22144.663999999997,"failureMessages":[],"meta":{},"tags":[]},{"ancestorTitles":["Kakao Moment F3A fixed FREEFORM profiles"],"fullName":"Kakao Moment F3A fixed FREEFORM profiles renders deterministic JPEG with resolved encoding metadata for every fixed Profile","status":"passed","title":"renders deterministic JPEG with resolved encoding metadata for every fixed Profile","duration":8202.7735,"failureMessages":[],"meta":{},"tags":[]},{"ancestorTitles":["Kakao Moment F3A fixed FREEFORM profiles"],"fullName":"Kakao Moment F3A fixed FREEFORM profiles fails closed for transparent JPEG, required safe zones, and catalog-only variable canvas","status":"passed","title":"fails closed for transparent JPEG, required safe zones, and catalog-only variable canvas","duration":434.1091000000015,"failureMessages":[],"meta":{},"tags":[]},{"ancestorTitles":["Kakao Moment F3A fixed FREEFORM profiles"],"fullName":"Kakao Moment F3A fixed FREEFORM profiles enforces IMAGE-only Expandable Multi and collection metadata without changing request arrays","status":"passed","title":"enforces IMAGE-only Expandable Multi and collection metadata without changing request arrays","duration":104.05240000000049,"failureMessages":[],"meta":{},"tags":[]},{"ancestorTitles":["Kakao Moment F3A fixed FREEFORM profiles"],"fullName":"Kakao Moment F3A fixed FREEFORM profiles keeps the JPEG quality ladder deterministic and fails when a target is impossible","status":"passed","title":"keeps the JPEG quality ladder deterministic and fails when a target is impossible","duration":392.087099999997,"failureMessages":[],"meta":{},"tags":[]},{"ancestorTitles":["Kakao Moment F3A fixed FREEFORM profiles"],"fullName":"Kakao Moment F3A fixed FREEFORM profiles retains an encoded POST_RENDER failure artifact only for an explicit Preview request","status":"passed","title":"retains an encoded POST_RENDER failure artifact only for an explicit Preview request","duration":545.4691000000021,"failureMessages":[],"meta":{},"tags":[]}],"startTime":1786763790983,"endTime":1786763822807.469,"status":"passed","message":"","name":"C:/Users/Lenovo/Desktop/kakao-bizboard-renderer-spec-v1-package/tests/kakao-freeform-profiles/kakao-freeform-profiles.test.ts"},{"assertionResults":[{"ancestorTitles":["META static M1 renderer"],"fullName":"META static M1 renderer renders all project presets and keeps shape support scoped to META","status":"passed","title":"renders all project presets and keeps shape support scoped to META","duration":3500.0110999999997,"failureMessages":[],"meta":{},"tags":[]},{"ancestorTitles":["META static M1 renderer"],"fullName":"META static M1 renderer does not rasterize platform copy and keeps pixel/artifact bytes stable","status":"passed","title":"does not rasterize platform copy and keeps pixel/artifact bytes stable","duration":2269.2046999999984,"failureMessages":[],"meta":{},"tags":[]},{"ancestorTitles":["META static M1 renderer"],"fullName":"META static M1 renderer emits Stories WARNING and Reels INFO without blocking export","status":"passed","title":"emits Stories WARNING and Reels INFO without blocking export","duration":2283.5324,"failureMessages":[],"meta":{},"tags":[]},{"ancestorTitles":["META static M1 renderer"],"fullName":"META static M1 renderer blocks invalid manual crop deterministically","status":"passed","title":"blocks invalid manual crop deterministically","duration":536.0663999999997,"failureMessages":[],"meta":{},"tags":[]},{"ancestorTitles":["META static M1 renderer"],"fullName":"META static M1 renderer renders a deterministic ordered placement set and blocks a missing variant","status":"passed","title":"renders a deterministic ordered placement set and blocks a missing variant","duration":6555.7927,"failureMessages":[],"meta":{},"tags":[]},{"ancestorTitles":["META static M1 renderer"],"fullName":"META static M1 renderer accepts the canonical top-level placementSet envelope","status":"passed","title":"accepts the canonical top-level placementSet envelope","duration":2514.3004,"failureMessages":[],"meta":{},"tags":[]},{"ancestorTitles":["META static M1 renderer"],"fullName":"META static M1 renderer keeps placementContext at Render Request level and resolves explicit Stories","status":"passed","title":"keeps placementContext at Render Request level and resolves explicit Stories","duration":537.3045999999995,"failureMessages":[],"meta":{},"tags":[]},{"ancestorTitles":["META static M1 renderer"],"fullName":"META static M1 renderer keeps Stories and Reels validation routing independent of the same plan","status":"passed","title":"keeps Stories and Reels validation routing independent of the same plan","duration":1171.4393999999993,"failureMessages":[],"meta":{},"tags":[]},{"ancestorTitles":["META static M1 renderer"],"fullName":"META static M1 renderer does not silently default a generic vertical request to Facebook Feed","status":"passed","title":"does not silently default a generic vertical request to Facebook Feed","duration":330.73319999999876,"failureMessages":[],"meta":{},"tags":[]},{"ancestorTitles":["META static M1 renderer"],"fullName":"META static M1 renderer fails closed for an unknown request context and rejects a plan-root context","status":"passed","title":"fails closed for an unknown request context and rejects a plan-root context","duration":266.5439000000006,"failureMessages":[],"meta":{},"tags":[]},{"ancestorTitles":["META static M1 renderer"],"fullName":"META static M1 renderer preserves imported Square and Portrait MANUAL_CROP + COVER semantics","status":"passed","title":"preserves imported Square and Portrait MANUAL_CROP + COVER semantics","duration":1558.3136000000013,"failureMessages":[],"meta":{},"tags":[]}],"startTime":1786763790932,"endTime":1786763812458.3137,"status":"passed","message":"","name":"C:/Users/Lenovo/Desktop/kakao-bizboard-renderer-spec-v1-package/tests/meta-static/meta-static.test.ts"},{"assertionResults":[{"ancestorTitles":["Naver FREEFORM image profiles"],"fullName":"Naver FREEFORM image profiles renders representative Mobile DA JPEG and Image Banner 1:1 PNG goldens","status":"passed","title":"renders representative Mobile DA JPEG and Image Banner 1:1 PNG goldens","duration":4081.257200000001,"failureMessages":[],"meta":{},"tags":[]},{"ancestorTitles":["Naver FREEFORM image profiles"],"fullName":"Naver FREEFORM image profiles is byte deterministic across three Windows-targeted runs","status":"passed","title":"is byte deterministic across three Windows-targeted runs","duration":2876.0707,"failureMessages":[],"meta":{},"tags":[]},{"ancestorTitles":["Naver FREEFORM image profiles"],"fullName":"Naver FREEFORM image profiles blocks actual-raster safe-area violations without adjusting the plan","status":"passed","title":"blocks actual-raster safe-area violations without adjusting the plan","duration":1032.9663,"failureMessages":[],"meta":{},"tags":[]},{"ancestorTitles":["Naver FREEFORM image profiles"],"fullName":"Naver FREEFORM image profiles enforces Mobile DA text limits before rasterization","status":"passed","title":"enforces Mobile DA text limits before rasterization","duration":993.5827999999983,"failureMessages":[],"meta":{},"tags":[]},{"ancestorTitles":["Naver FREEFORM image profiles"],"fullName":"Naver FREEFORM image profiles enforces minimum and maximum bytes and prohibited transparency","status":"passed","title":"enforces minimum and maximum bytes and prohibited transparency","duration":2904.5716999999986,"failureMessages":[],"meta":{},"tags":[]}],"startTime":1786763790982,"endTime":1786763802873.5718,"status":"passed","message":"","name":"C:/Users/Lenovo/Desktop/kakao-bizboard-renderer-spec-v1-package/tests/naver-freeform/naver-freeform.test.ts"},{"assertionResults":[{"ancestorTitles":["N6 NAVER Feed collection"],"fullName":"N6 NAVER Feed collection reuses COLLECTION cardinality and validates four and ten item bounds","status":"passed","title":"reuses COLLECTION cardinality and validates four and ten item bounds","duration":2177.9591,"failureMessages":[],"meta":{},"tags":[]},{"ancestorTitles":["N6 NAVER Feed collection"],"fullName":"N6 NAVER Feed collection reports deterministic count, duplicate, source-profile, nesting, and safe-area errors","status":"passed","title":"reports deterministic count, duplicate, source-profile, nesting, and safe-area errors","duration":802.8182000000002,"failureMessages":[],"meta":{},"tags":[]},{"ancestorTitles":["N6 NAVER Feed collection"],"fullName":"N6 NAVER Feed collection keeps item bytes stable, makes order part of collection fingerprint, and publishes atomically","status":"passed","title":"keeps item bytes stable, makes order part of collection fingerprint, and publishes atomically","duration":4053.1676000000007,"failureMessages":[],"meta":{},"tags":[]}],"startTime":1786763795801,"endTime":1786763802836.1675,"status":"passed","message":"","name":"C:/Users/Lenovo/Desktop/kakao-bizboard-renderer-spec-v1-package/tests/naver-platform-composed/collection.test.ts"},{"assertionResults":[{"ancestorTitles":["NAVER Platform-Composed source contract"],"fullName":"NAVER Platform-Composed source contract validates source fields/assets without creating final UI output","status":"passed","title":"validates source fields/assets without creating final UI output","duration":9.671199999999999,"failureMessages":[],"meta":{},"tags":[]},{"ancestorTitles":["NAVER Platform-Composed source contract"],"fullName":"NAVER Platform-Composed source contract sorts and reports deterministic source errors","status":"passed","title":"sorts and reports deterministic source errors","duration":37.7281999999999,"failureMessages":[],"meta":{},"tags":[]},{"ancestorTitles":["NAVER Platform-Composed source contract"],"fullName":"NAVER Platform-Composed source contract normalizes Unicode NFC but preserves user copy and array order","status":"passed","title":"normalizes Unicode NFC but preserves user copy and array order","duration":1.0756999999999834,"failureMessages":[],"meta":{},"tags":[]},{"ancestorTitles":["NAVER Platform-Composed source contract"],"fullName":"NAVER Platform-Composed source contract treats an exact source canvas as authoritative when a guide ratio label is rounded","status":"passed","title":"treats an exact source canvas as authoritative when a guide ratio label is rounded","duration":1.463700000000017,"failureMessages":[],"meta":{},"tags":[]}],"startTime":1786763807766,"endTime":1786763807820.4636,"status":"passed","message":"","name":"C:/Users/Lenovo/Desktop/kakao-bizboard-renderer-spec-v1-package/tests/naver-platform-composed/platform-composed.test.ts"},{"assertionResults":[{"ancestorTitles":["input contract and canonicalization"],"fullName":"input contract and canonicalization materializes every public default before canonical digesting","status":"passed","title":"materializes every public default before canonical digesting","duration":10.282200000000103,"failureMessages":[],"meta":{},"tags":[]},{"ancestorTitles":["input contract and canonicalization"],"fullName":"input contract and canonicalization normalizes NFC, copy spaces, and project-relative path separators","status":"passed","title":"normalizes NFC, copy spaces, and project-relative path separators","duration":0.9560999999998785,"failureMessages":[],"meta":{},"tags":[]},{"ancestorTitles":["input contract and canonicalization"],"fullName":"input contract and canonicalization uses RFC 8785-compatible canonical object ordering without whitespace","status":"passed","title":"uses RFC 8785-compatible canonical object ordering without whitespace","duration":0.5996000000000095,"failureMessages":[],"meta":{},"tags":[]},{"ancestorTitles":["input contract and canonicalization"],"fullName":"input contract and canonicalization maps AJV failures to stable sorted KBR issues","status":"passed","title":"maps AJV failures to stable sorted KBR issues","duration":6.091399999999794,"failureMessages":[],"meta":{},"tags":[]},{"ancestorTitles":["input contract and canonicalization"],"fullName":"input contract and canonicalization returns the deterministic JSON parse error without exposing parser text","status":"passed","title":"returns the deterministic JSON parse error without exposing parser text","duration":0.6820999999999913,"failureMessages":[],"meta":{},"tags":[]}],"startTime":1786763804783,"endTime":1786763804802.6821,"status":"passed","message":"","name":"C:/Users/Lenovo/Desktop/kakao-bizboard-renderer-spec-v1-package/tests/unit/contract-input.test.ts"},{"assertionResults":[{"ancestorTitles":["PNG/JPEG input inspection"],"fullName":"PNG/JPEG input inspection applies EXIF Orientation 1 before dimensions and crop coordinates","status":"passed","title":"applies EXIF Orientation 1 before dimensions and crop coordinates","duration":38.52659999999992,"failureMessages":[],"meta":{},"tags":[]},{"ancestorTitles":["PNG/JPEG input inspection"],"fullName":"PNG/JPEG input inspection applies EXIF Orientation 3 before dimensions and crop coordinates","status":"passed","title":"applies EXIF Orientation 3 before dimensions and crop coordinates","duration":20.007100000000037,"failureMessages":[],"meta":{},"tags":[]},{"ancestorTitles":["PNG/JPEG input inspection"],"fullName":"PNG/JPEG input inspection applies EXIF Orientation 6 before dimensions and crop coordinates","status":"passed","title":"applies EXIF Orientation 6 before dimensions and crop coordinates","duration":16.14099999999985,"failureMessages":[],"meta":{},"tags":[]},{"ancestorTitles":["PNG/JPEG input inspection"],"fullName":"PNG/JPEG input inspection applies EXIF Orientation 8 before dimensions and crop coordinates","status":"passed","title":"applies EXIF Orientation 8 before dimensions and crop coordinates","duration":17.662900000000036,"failureMessages":[],"meta":{},"tags":[]},{"ancestorTitles":["PNG/JPEG input inspection"],"fullName":"PNG/JPEG input inspection accepts JPEG and preserves JPEG bytes while decoding to normalized metadata","status":"passed","title":"accepts JPEG and preserves JPEG bytes while decoding to normalized metadata","duration":12.151499999999942,"failureMessages":[],"meta":{},"tags":[]},{"ancestorTitles":["PNG/JPEG input inspection"],"fullName":"PNG/JPEG input inspection rejects fake extensions, unsupported signatures, and corrupt JPEG bytes deterministically","status":"passed","title":"rejects fake extensions, unsupported signatures, and corrupt JPEG bytes deterministically","duration":227.6581000000001,"failureMessages":[],"meta":{},"tags":[]},{"ancestorTitles":["PNG/JPEG input inspection"],"fullName":"PNG/JPEG input inspection keeps OBJECT_RIGHT PNG-only and alpha-required","status":"passed","title":"keeps OBJECT_RIGHT PNG-only and alpha-required","duration":320.44989999999984,"failureMessages":[],"meta":{},"tags":[]}],"startTime":1786763803126,"endTime":1786763803778.45,"status":"passed","message":"","name":"C:/Users/Lenovo/Desktop/kakao-bizboard-renderer-spec-v1-package/tests/unit/jpeg-input.test.ts"},{"assertionResults":[{"ancestorTitles":["trusted root path security"],"fullName":"trusted root path security accepts descendants and leaves a missing safe input for asset validation","status":"passed","title":"accepts descendants and leaves a missing safe input for asset validation","duration":17.903099999999995,"failureMessages":[],"meta":{},"tags":[]},{"ancestorTitles":["trusted root path security"],"fullName":"trusted root path security rejects unsafe input reference ../escape.png","status":"passed","title":"rejects unsafe input reference ../escape.png","duration":6.095100000000002,"failureMessages":[],"meta":{},"tags":[]},{"ancestorTitles":["trusted root path security"],"fullName":"trusted root path security rejects unsafe input reference folder/../../escape.png","status":"passed","title":"rejects unsafe input reference folder/../../escape.png","duration":3.542699999999968,"failureMessages":[],"meta":{},"tags":[]},{"ancestorTitles":["trusted root path security"],"fullName":"trusted root path security rejects unsafe input reference C:/escape.png","status":"passed","title":"rejects unsafe input reference C:/escape.png","duration":2.7095000000003893,"failureMessages":[],"meta":{},"tags":[]},{"ancestorTitles":["trusted root path security"],"fullName":"trusted root path security rejects unsafe input reference \\\\server\\share\\asset.png","status":"passed","title":"rejects unsafe input reference \\\\server\\share\\asset.png","duration":2.4484000000002197,"failureMessages":[],"meta":{},"tags":[]},{"ancestorTitles":["trusted root path security"],"fullName":"trusted root path security rejects output traversal before directory creation","status":"passed","title":"rejects output traversal before directory creation","duration":3.4289999999996326,"failureMessages":[],"meta":{},"tags":[]}],"startTime":1786763809244,"endTime":1786763809280.429,"status":"passed","message":"","name":"C:/Users/Lenovo/Desktop/kakao-bizboard-renderer-spec-v1-package/tests/unit/path-security.test.ts"},{"assertionResults":[{"ancestorTitles":["product alpha trim and contain placement"],"fullName":"product alpha trim and contain placement preserves semi-transparent alpha and follows frozen rounding","status":"passed","title":"preserves semi-transparent alpha and follows frozen rounding","duration":195.04239999999982,"failureMessages":[],"meta":{},"tags":[]},{"ancestorTitles":["product alpha trim and contain placement"],"fullName":"product alpha trim and contain placement keeps alpha>=1 for trim while ignoring isolated layout noise","status":"passed","title":"keeps alpha>=1 for trim while ignoring isolated layout noise","duration":112.77970000000005,"failureMessages":[],"meta":{},"tags":[]},{"ancestorTitles":["product alpha trim and contain placement"],"fullName":"product alpha trim and contain placement rejects a fully transparent product","status":"passed","title":"rejects a fully transparent product","duration":34.32849999999962,"failureMessages":[],"meta":{},"tags":[]},{"ancestorTitles":["product alpha trim and contain placement"],"fullName":"product alpha trim and contain placement rejects a suspected opaque background","status":"passed","title":"rejects a suspected opaque background","duration":70.88990000000013,"failureMessages":[],"meta":{},"tags":[]},{"ancestorTitles":["product alpha trim and contain placement"],"fullName":"product alpha trim and contain placement rejects contain scale over 1.5x","status":"passed","title":"rejects contain scale over 1.5x","duration":30.706199999999626,"failureMessages":[],"meta":{},"tags":[]}],"startTime":1786763803723,"endTime":1786763804168.7063,"status":"passed","message":"","name":"C:/Users/Lenovo/Desktop/kakao-bizboard-renderer-spec-v1-package/tests/unit/product-image.test.ts"},{"assertionResults":[{"ancestorTitles":["immutable OBJECT_RIGHT reference fixture"],"fullName":"immutable OBJECT_RIGHT reference fixture has the frozen RGBA IHDR and sampled coordinate boxes","status":"passed","title":"has the frozen RGBA IHDR and sampled coordinate boxes","duration":456.27369999999974,"failureMessages":[],"meta":{},"tags":[]},{"ancestorTitles":["immutable THUMBNAIL_BOX_RIGHT reference fixture"],"fullName":"immutable THUMBNAIL_BOX_RIGHT reference fixture has the frozen SHA, RGBA IHDR, and IMAGE_PRIMARY guide bounds","status":"passed","title":"has the frozen SHA, RGBA IHDR, and IMAGE_PRIMARY guide bounds","duration":13.399000000000342,"failureMessages":[],"meta":{},"tags":[]}],"startTime":1786763806257,"endTime":1786763806727.399,"status":"passed","message":"","name":"C:/Users/Lenovo/Desktop/kakao-bizboard-renderer-spec-v1-package/tests/unit/reference-fixture.test.ts"},{"assertionResults":[{"ancestorTitles":["standalone offline runtime boundary"],"fullName":"standalone offline runtime boundary has no plume or out-of-scope direct dependency","status":"passed","title":"has no plume or out-of-scope direct dependency","duration":21.70620000000008,"failureMessages":[],"meta":{},"tags":[]},{"ancestorTitles":["standalone offline runtime boundary"],"fullName":"standalone offline runtime boundary contains no runtime network primitive or out-of-scope service import","status":"passed","title":"contains no runtime network primitive or out-of-scope service import","duration":36.721900000000005,"failureMessages":[],"meta":{},"tags":[]}],"startTime":1786763807711,"endTime":1786763807769.722,"status":"passed","message":"","name":"C:/Users/Lenovo/Desktop/kakao-bizboard-renderer-spec-v1-package/tests/unit/runtime-boundary.test.ts"},{"assertionResults":[{"ancestorTitles":["C2a TextContract"],"fullName":"C2a TextContract counts Headline Korean-equivalent units at 12.0 and rejects 13.0","status":"passed","title":"counts Headline Korean-equivalent units at 12.0 and rejects 13.0","duration":4.8737999999998465,"failureMessages":[],"meta":{},"tags":[]},{"ancestorTitles":["C2a TextContract"],"fullName":"C2a TextContract counts Subcopy Korean-equivalent units at 15.0 and rejects 16.0","status":"passed","title":"counts Subcopy Korean-equivalent units at 15.0 and rejects 16.0","duration":0.6540999999997439,"failureMessages":[],"meta":{},"tags":[]},{"ancestorTitles":["C2a TextContract"],"fullName":"C2a TextContract counts U+0020 as zero while preserving it as a grapheme","status":"passed","title":"counts U+0020 as zero while preserving it as a grapheme","duration":0.717200000000048,"failureMessages":[],"meta":{},"tags":[]},{"ancestorTitles":["C2a TextContract"],"fullName":"C2a TextContract counts ASCII letters, digits, symbols, emoji, and combining graphemes deterministically","status":"passed","title":"counts ASCII letters, digits, symbols, emoji, and combining graphemes deterministically","duration":4.097200000000157,"failureMessages":[],"meta":{},"tags":[]},{"ancestorTitles":["C2a TextContract"],"fullName":"C2a TextContract preserves internal spaces for warning and trims only at normalization boundary","status":"passed","title":"preserves internal spaces for warning and trims only at normalization boundary","duration":0.7110999999999876,"failureMessages":[],"meta":{},"tags":[]},{"ancestorTitles":["C2a TextContract"],"fullName":"C2a TextContract keeps tab and linebreak rejection in the existing Core text validator","status":"passed","title":"keeps tab and linebreak rejection in the existing Core text validator","duration":125.00509999999986,"failureMessages":[],"meta":{},"tags":[]},{"ancestorTitles":["C2a TextContract"],"fullName":"C2a TextContract applies the exact pixel width boundaries","status":"passed","title":"applies the exact pixel width boundaries","duration":1.0489000000002306,"failureMessages":[],"meta":{},"tags":[]},{"ancestorTitles":["C2a TextContract"],"fullName":"C2a TextContract freezes the C2a baseline and X contract","status":"passed","title":"freezes the C2a baseline and X contract","duration":0.6388000000001739,"failureMessages":[],"meta":{},"tags":[]}],"startTime":1786763808399,"endTime":1786763808537.639,"status":"passed","message":"","name":"C:/Users/Lenovo/Desktop/kakao-bizboard-renderer-spec-v1-package/tests/unit/text-contract.test.ts"},{"assertionResults":[{"ancestorTitles":["N7.4 SmartChannel final-alpha asset normalization fixtures"],"fullName":"N7.4 SmartChannel final-alpha asset normalization fixtures G1 trims a large transparent source without source-canvas mismatch","status":"passed","title":"G1 trims a large transparent source without source-canvas mismatch","duration":508.63560000000007,"failureMessages":[],"meta":{},"tags":[]},{"ancestorTitles":["N7.4 SmartChannel final-alpha asset normalization fixtures"],"fullName":"N7.4 SmartChannel final-alpha asset normalization fixtures G2 normalizes a sofa-equivalent 1044:595 alpha shape to about 260:148","status":"passed","title":"G2 normalizes a sofa-equivalent 1044:595 alpha shape to about 260:148","duration":515.8227000000002,"failureMessages":[],"meta":{},"tags":[]},{"ancestorTitles":["N7.4 SmartChannel final-alpha asset normalization fixtures"],"fullName":"N7.4 SmartChannel final-alpha asset normalization fixtures G3 normalizes a logo-like 469:159 transparent asset","status":"passed","title":"G3 normalizes a logo-like 469:159 transparent asset","duration":84.88089999999966,"failureMessages":[],"meta":{},"tags":[]},{"ancestorTitles":["N7.4 SmartChannel final-alpha asset normalization fixtures"],"fullName":"N7.4 SmartChannel final-alpha asset normalization fixtures G4 reports an oversized rendered object when contain is not the selected policy","status":"passed","title":"G4 reports an oversized rendered object when contain is not the selected policy","duration":107.10580000000027,"failureMessages":[],"meta":{},"tags":[]},{"ancestorTitles":["N7.4 SmartChannel final-alpha asset normalization fixtures"],"fullName":"N7.4 SmartChannel final-alpha asset normalization fixtures G5 detects a correctly sized object translated outside the region","status":"passed","title":"G5 detects a correctly sized object translated outside the region","duration":66.6841000000004,"failureMessages":[],"meta":{},"tags":[]},{"ancestorTitles":["N7.4 SmartChannel final-alpha asset normalization fixtures"],"fullName":"N7.4 SmartChannel final-alpha asset normalization fixtures G6 counts final alpha pixels, not transparent padding, for the 70% rule","status":"passed","title":"G6 counts final alpha pixels, not transparent padding, for the 70% rule","duration":56.44520000000011,"failureMessages":[],"meta":{},"tags":[]},{"ancestorTitles":["N7.4 SmartChannel final-alpha asset normalization fixtures"],"fullName":"N7.4 SmartChannel final-alpha asset normalization fixtures G7 has PSD-exact renderer-owned roles and no source-only dependency","status":"passed","title":"G7 has PSD-exact renderer-owned roles 
[...]
ame":"C:/Users/Lenovo/Desktop/kakao-bizboard-renderer-spec-v1-package/tests/naver-smartchannel/typography-parity.test.ts"},{"assertionResults":[{"ancestorTitles":["Google Static Desktop QA controller"],"fullName":"Google Static Desktop QA controller renders the frozen landscape Golden and exports one atomic artifact pair","status":"passed","title":"renders the frozen landscape Golden and exports one atomic artifact pair","duration":660.9463999999998,"failureMessages":[],"meta":{},"tags":[]},{"ancestorTitles":["Google Static Desktop QA controller"],"fullName":"Google Static Desktop QA controller keeps metadata outside raster bytes and blocks invalid profile publication","status":"passed","title":"keeps metadata outside raster bytes and blocks invalid profile publication","duration":416.5385000000001,"failureMessages":[],"meta":{},"tags":[]},{"ancestorTitles":["Google Static Desktop QA controller"],"fullName":"Google Static Desktop QA controller selects the requested raster format and blocks export until a JPEG preview is current","status":"passed","title":"selects the requested raster format and blocks export until a JPEG preview is current","duration":714.7635,"failureMessages":[],"meta":{},"tags":[]},{"ancestorTitles":["Google Static Desktop QA controller"],"fullName":"Google Static Desktop QA controller propagates a common manual placement plan through preview, stale export, and publish","status":"passed","title":"propagates a common manual placement plan through preview, stale export, and publish","duration":680.7670000000007,"failureMessages":[],"meta":{},"tags":[]}],"startTime":1786763797811,"endTime":1786763800283.767,"status":"passed","message":"","name":"C:/Users/Lenovo/Desktop/kakao-bizboard-renderer-spec-v1-package/tests/desktop/integration/google-static-session-controller.test.ts"},{"assertionResults":[{"ancestorTitles":["MASK_SEMICIRCLE_RIGHT desktop controller"],"fullName":"MASK_SEMICIRCLE_RIGHT desktop controller selects a transparent PNG logo overlay, previews the two slots, and atomically exports a manifest","status":"passed","title":"selects a transparent PNG logo overlay, previews the two slots, and atomically exports a manifest","duration":1783.0892000000003,"failureMessages":[],"meta":{},"tags":[]},{"ancestorTitles":["MASK_SEMICIRCLE_RIGHT desktop controller"],"fullName":"MASK_SEMICIRCLE_RIGHT desktop controller previews and exports with no LOGO_PRIMARY asset or plan","status":"passed","title":"previews and exports with no LOGO_PRIMARY asset or plan","duration":1946.3316000000004,"failureMessages":[],"meta":{},"tags":[]}],"startTime":1786763791327,"endTime":1786763795057.3315,"status":"passed","message":"","name":"C:/Users/Lenovo/Desktop/kakao-bizboard-renderer-spec-v1-package/tests/desktop/integration/mask-session-controller.test.ts"},{"assertionResults":[{"ancestorTitles":["Desktop session, Preview, and Export integration"],"fullName":"Desktop session, Preview, and Export integration serves a valid FREEFORM JPEG Preview through the format-neutral token protocol","status":"passed","title":"serves a valid FREEFORM JPEG Preview through the format-neutral token protocol","duration":2976.6619,"failureMessages":[],"meta":{},"tags":[]},{"ancestorTitles":["Desktop session, Preview, and Export integration"],"fullName":"Desktop session, Preview, and Export integration retains a FREEFORM PNG POST_RENDER failure for Preview but blocks publish","status":"passed","title":"retains a FREEFORM PNG POST_RENDER failure for Preview but blocks publish","duration":2246.765199999999,"failureMessages":[],"meta":{},"tags":[]},{"ancestorTitles":["Desktop session, Preview, and Export integration"],"fullName":"Desktop session, Preview, and Export integration does not create a Preview Artifact for a FREEFORM PRE_RENDER error","status":"passed","title":"does not create a Preview Artifact for a FREEFORM PRE_RENDER error","duration":686.0174999999999,"failureMessages":[],"meta":{},"tags":[]},{"ancestorTitles":["Desktop session, Preview, and Export integration"],"fullName":"Desktop session, Preview, and Export integration copies a selected product into the private session without exposing its absolute path","status":"passed","title":"copies a selected product into the private session without exposing its absolute path","duration":93.8117000000002,"failureMessages":[],"meta":{},"tags":[]},{"ancestorTitles":["Desktop session, Preview, and Export integration"],"fullName":"Desktop session, Preview, and Export integration accepts JPEG, preserves the session extension, and returns only safe metadata","status":"passed","title":"accepts JPEG, preserves the session extension, and returns only safe metadata","duration":107.12380000000121,"failureMessages":[],"meta":{},"tags":[]},{"ancestorTitles":["Desktop session, Preview, and Export integration"],"fullName":"Desktop session, Preview, and Export integration renders JPEG with THUMBNAIL_BOX_RIGHT and blocks JPEG in OBJECT_RIGHT","status":"passed","title":"renders JPEG with THUMBNAIL_BOX_RIGHT and blocks JPEG in OBJECT_RIGHT","duration":1530.8507000000009,"failureMessages":[],"meta":{},"tags":[]},{"ancestorTitles":["Desktop session, Preview, and Export integration"],"fullName":"Desktop session, Preview, and Export integration renders THUMBNAIL_MULTI_RIGHT with two independent plans and one reused Asset","status":"passed","title":"renders THUMBNAIL_MULTI_RIGHT with two independent plans and one reused Asset","duration":1731.7531,"failureMessages":[],"meta":{},"tags":[]},{"ancestorTitles":["Desktop session, Preview, and Export integration"],"fullName":"Desktop session, Preview, and Export integration returns Preview PASS for an inset-alpha product","status":"passed","title":"returns Preview PASS for an inset-alpha product","duration":1288.8035999999993,"failureMessages":[],"meta":{},"tags":[]},{"ancestorTitles":["Desktop session, Preview, and Export integration"],"fullName":"Desktop session, Preview, and Export integration returns Preview WARNING without blocking export","status":"passed","title":"returns Preview WARNING without blocking export","duration":1018.0952000000016,"failureMessages":[],"meta":{},"tags":[]},{"ancestorTitles":["Desktop session, Preview, and Export integration"],"fullName":"Desktop session, Preview, and Export integration keeps Guide-off Preview bytes byte-equal to the Core atomic export","status":"passed","title":"keeps Guide-off Preview bytes byte-equal to the Core atomic export","duration":2690.129000000001,"failureMessages":[],"meta":{},"tags":[]},{"ancestorTitles":["Desktop session, Preview, and Export integration"],"fullName":"Desktop session, Preview, and Export integration returns Preview ERROR for a fully transparent product and writes no final files","status":"passed","title":"returns Preview ERROR for a fully transparent product and writes no final files","duration":770.1362999999983,"failureMessages":[],"meta":{},"tags":[]},{"ancestorTitles":["Desktop session, Preview, and Export integration"],"fullName":"Desktop session, Preview, and Export integration blocks stale Preview after input changes","status":"passed","title":"blocks stale Preview after input changes","duration":1712.3708000000006,"failureMessages":[],"meta":{},"tags":[]},{"ancestorTitles":["Desktop session, Preview, and Export integration"],"fullName":"Desktop session, Preview, and Export integration invalidates the previous Preview when product is replaced","status":"passed","title":"invalidates the previous Preview when product is replaced","duration":576.8567000000003,"failureMessages":[],"meta":{},"tags":[]},{"ancestorTitles":["Desktop session, Preview, and Export integration"],"fullName":"Desktop session, Preview, and Export integration blocks overwrite and leaves the first completed pair intact","status":"passed","title":"blocks overwrite and leaves the first completed pair intact","duration":1256.017100000001,"failureMessages":[],"meta":{},"tags":[]},{"ancestorTitles":["Desktop session, Preview, and Export integration"],"fullName":"Desktop session, Preview, and Export integration removes session input and Preview data on cleanup","status":"passed","title":"removes session input and Preview data on cleanup","duration":336.1859999999979,"failureMessages":[],"meta":{},"tags":[]}],"startTime":1786763791129,"endTime":1786763810152.186,"status":"passed","message":"","name":"C:/Users/Lenovo/Desktop/kakao-bizboard-renderer-spec-v1-package/tests/desktop/integration/session-controller.test.ts"},{"assertionResults":[{"ancestorTitles":["Electron and IPC security boundary"],"fullName":"Electron and IPC security boundary freezes the secure BrowserWindow preferences","status":"passed","title":"freezes the secure BrowserWindow preferences","duration":7.627899999999954,"failureMessages":[],"meta":{},"tags":[]},{"ancestorTitles":["Electron and IPC security boundary"],"fullName":"Electron and IPC security boundary exposes only the typed IPC operations","status":"passed","title":"exposes only the typed IPC operations","duration":2.1031000000000404,"failureMessages":[],"meta":{},"tags":[]},{"ancestorTitles":["Electron and IPC security boundary"],"fullName":"Electron and IPC security boundary keeps Node, fs, process, and generic IPC out of Renderer UI source","status":"passed","title":"keeps Node, fs, process, and generic IPC out of Renderer UI source","duration":15.935100000000148,"failureMessages":[],"meta":{},"tags":[]},{"ancestorTitles":["Electron and IPC security boundary"],"fullName":"Electron and IPC security boundary uses a restrictive production CSP and no remote URL","status":"passed","title":"uses a restrictive production CSP and no remote URL","duration":3.4464000000000397,"failureMessages":[],"meta":{},"tags":[]},{"ancestorTitles":["Electron and IPC security boundary"],"fullName":"Electron and IPC security boundary rejects prohibited session root \\\\server\\share","status":"passed","title":"rejects prohibited session root \\\\server\\share","duration":4.0055999999999585,"failureMessages":[],"meta":{},"tags":[]},{"ancestorTitles":["Electron and IPC security boundary"],"fullName":"Electron and IPC security boundary rejects prohibited session root \\\\?\\C:\\device","status":"passed","title":"rejects prohibited session root \\\\?\\C:\\device","duration":0.5853000000001884,"failureMessages":[],"meta":{},"tags":[]},{"ancestorTitles":["Electron and IPC security boundary"],"fullName":"Electron and IPC security boundary rejects prohibited session root //server/share","status":"passed","title":"rejects prohibited session root //server/share","duration":0.5663999999999305,"failureMessages":[],"meta":{},"tags":[]},{"ancestorTitles":["Electron and IPC security boundary"],"fullName":"Electron and IPC security boundary rejects a symlink product without copying it","status":"passed","title":"rejects a symlink product without copying it","duration":37.530700000000024,"failureMessages":[],"meta":{},"tags":[]},{"ancestorTitles":["Electron and IPC security boundary"],"fullName":"Electron and IPC security boundary rejects stale asset, Preview, output, and export tokens","status":"passed","title":"rejects stale asset, Preview, output, and export tokens","duration":24.2016000000001,"failureMessages":[],"meta":{},"tags":[]},{"ancestorTitles":["Electron and IPC security boundary"],"fullName":"Electron and IPC security boundary contains no updater, telemetry, remote service, or external navigation call","status":"passed","title":"contains no updater, telemetry, remote service, or external navigation call","duration":6.8753999999999,"failureMessages":[],"meta":{},"tags":[]}],"startTime":1786763807828,"endTime":1786763807931.8755,"status":"passed","message":"","name":"C:/Users/Lenovo/Desktop/kakao-bizboard-renderer-spec-v1-package/tests/desktop/security/desktop-security.test.ts"},{"assertionResults":[{"ancestorTitles":["Desktop utilities"],"fullName":"Desktop utilities accepts safe job name job-1","status":"passed","title":"accepts safe job name job-1","duration":5.840799999999945,"failureMessages":[],"meta":{},"tags":[]},{"ancestorTitles":["Desktop utilities"],"fullName":"Desktop utilities accepts safe job name bizboard_output","status":"passed","title":"accepts safe job name bizboard_output","duration":0.8226999999999407,"failureMessages":[],"meta":{},"tags":[]},{"ancestorTitles":["Desktop utilities"],"fullName":"Desktop utilities accepts safe job name result.2026","status":"passed","title":"accepts safe job name result.2026","duration":0.3738999999998214,"failureMessages":[],"meta":{},"tags":[]},{"ancestorTitles":["Desktop utilities"],"fullName":"Desktop utilities rejects unsafe or reserved job name ../escape","status":"passed","title":"rejects unsafe or reserved job name ../escape","duration":0.4660000000001219,"failureMessages":[],"meta":{},"tags":[]},{"ancestorTitles":["Desktop utilities"],"fullName":"Desktop utilities rejects unsafe or reserved job name CON","status":"passed","title":"rejects unsafe or reserved job name CON","duration":0.393100000000004,"failureMessages":[],"meta":{},"tags":[]},{"ancestorTitles":["Desktop utilities"],"fullName":"Desktop utilities rejects unsafe or reserved job name LPT1.png","status":"passed","title":"rejects unsafe or reserved job name LPT1.png","duration":0.31320000000005166,"failureMessages":[],"meta":{},"tags":[]},{"ancestorTitles":["Desktop utilities"],"fullName":"Desktop utilities rejects unsafe or reserved job name trailing.","status":"passed","title":"rejects unsafe or reserved job name trailing.","duration":0.274599999999964,"failureMessages":[],"meta":{},"tags":[]},{"ancestorTitles":["Desktop utilities"],"fullName":"Desktop utilities rejects unsafe or reserved job name has space","status":"passed","title":"rejects unsafe or reserved job name has space","duration":0.35950000000002547,"failureMessages":[],"meta":{},"tags":[]},{"ancestorTitles":["Desktop utilities"],"fullName":"Desktop utilities rejects unsafe or reserved job name C:/absolute","status":"passed","title":"rejects unsafe or reserved job name C:/absolute","duration":0.42239999999992506,"failureMessages":[],"meta":{},"tags":[]},{"ancestorTitles":["Desktop utilities"],"fullName":"Desktop utilities uses strict IPC payload schemas","status":"passed","title":"uses strict IPC payload schemas","duration":13.817000000000007,"failureMessages":[],"meta":{},"tags":[]},{"ancestorTitles":["Desktop utilities"],"fullName":"Desktop utilities requires only opaque tokens for export","status":"passed","title":"requires only opaque tokens for export","duration":4.223099999999931,"failureMessages":[],"meta":{},"tags":[]},{"ancestorTitles":["Desktop utilities"],"fullName":"Desktop utilities converts frozen guide coordinates without changing source pixels","status":"passed","title":"converts frozen guide coordinates without changing source pixels","duration":0.8498999999999342,"failureMessages":[],"meta":{},"tags":[]},{"ancestorTitles":["Desktop utilities"],"fullName":"Desktop utilities formats product metadata without exposing a path","status":"passed","title":"formats product metadata without exposing a path","duration":55.06580000000008,"failureMessages":[],"meta":{},"tags":[]},{"ancestorTitles":["Desktop utilities"],"fullName":"Desktop utilities maps Preview formats to canonical MIME types","status":"passed","title":"maps Preview formats to canonical MIME types","duration":0.5158999999998741,"failureMessages":[],"meta":{},"tags":[]},{"ancestorTitles":["Desktop utilities"],"fullName":"Desktop utilities separates Preview availability from publish and download eligibility","status":"passed","title":"separates Preview availability from publish and download eligibility","duration":0.6891000000000531,"failureMessages":[],"meta":{},"tags":[]},{"ancestorTitles":["Desktop utilities"],"fullName":"Desktop utilities has Korean translations for every registered FREEFORM issue","status":"passed","title":"has Korean translations for every registered FREEFORM issue","duration":2.324600000000146,"failureMessages":[],"meta":{},"tags":[]},{"ancestorTitles":["Desktop utilities"],"fullName":"Desktop utilities includes raw byte evidence in the file-size exceeded message","status":"passed","title":"includes raw byte evidence in the file-size exceeded message","duration":0.7934999999999945,"failureMessages":[],"meta":{},"tags":[]}],"startTime":1786763806627,"endTime":1786763806715.7935,"status":"passed","message":"","name":"C:/Users/Lenovo/Desktop/kakao-bizboard-renderer-spec-v1-package/tests/desktop/unit/desktop-utilities.test.ts"},{"assertionResults":[{"ancestorTitles":["SmartChannel canonical Desktop text input descriptors"],"fullName":"SmartChannel canonical Desktop text input descriptors derives both 280 BASIC and EMPHASIS MAIN_TWO_LINES fields from PSD layers","status":"passed","title":"derives both 280 BASIC and EMPHASIS MAIN_TWO_LINES fields from PSD layers","duration":6.151800000000094,"failureMessages":[],"meta":{},"tags":[]},{"ancestorTitles":["SmartChannel canonical Desktop text input descriptors"],"fullName":"SmartChannel canonical Desktop text input descriptors orders ordinary 280 FOUR_LINE fields by final line order","status":"passed","title":"orders ordinary 280 FOUR_LINE fields by final line order","duration":4.289299999999912,"failureMessages":[],"meta":{},"tags":[]},{"ancestorTitles":["SmartChannel canonical Desktop text input descriptors"],"fullName":"SmartChannel canonical Desktop text input descriptors preserves the source-backed disclosure key in the bottom-disclosure four-row template","status":"passed","title":"preserves the source-backed disclosure key in the bottom-disclosure four-row template","duration":0.9162000000001171,"failureMessages":[],"meta":{},"tags":[]},{"ancestorTitles":["SmartChannel canonical Desktop text input descriptors"],"fullName":"SmartChannel canonical Desktop text input descriptors derives a unique, ordered, localized descriptor set for all 120 templates","status":"passed","title":"derives a unique, ordered, localized descriptor set for all 120 templates","duration":32.94560000000001,"failureMessages":[],"meta":{},"tags":[]},{"ancestorTitles":["SmartChannel canonical Desktop text input descriptors"],"fullName":"SmartChannel canonical Desktop text input descriptors keeps 160 and 200 descriptor derivation independently source-backed","status":"passed","title":"keeps 160 and 200 descriptor derivation independently source-backed","duration":1.9394999999999527,"failureMessages":[],"meta":{},"tags":[]}],"startTime":1786763806664,"endTime":1786763806710.9395,"status":"passed","message":"","name":"C:/Users/Lenovo/Desktop/kakao-bizboard-renderer-spec-v1-package/tests/desktop/unit/naver-smartchannel-text-input-fields.test.ts"},{"assertionResults":[{"ancestorTitles":["Desktop UI state model"],"fullName":"Desktop UI state model invalidates PASS immediately when input changes","status":"passed","title":"invalidates PASS immediately when input changes","duration":4.2830000000000155,"failureMessages":[],"meta":{},"tags":[]},{"ancestorTitles":["Desktop UI state model"],"fullName":"Desktop UI state model ignores a stale asynchronous Preview result","status":"passed","title":"ignores a stale asynchronous Preview result","duration":1.053700000000049,"failureMessages":[],"meta":{},"tags":[]},{"ancestorTitles":["Desktop UI state model"],"fullName":"Desktop UI state model allows export for current PASS or WARNING only","status":"passed","title":"allows export for current PASS or WARNING only","duration":0.5340999999999667,"failureMessages":[],"meta":{},"tags":[]},{"ancestorTitles":["Desktop UI state model"],"fullName":"Desktop UI state model blocks export for ERROR and while validating","status":"passed","title":"blocks export for ERROR and while validating","duration":0.6231000000000222,"failureMessages":[],"meta":{},"tags":[]}],"startTime":1786763808554,"endTime":1786763808560.623,"status":"passed","message":"","name":"C:/Users/Lenovo/Desktop/kakao-bizboard-renderer-spec-v1-package/tests/desktop/unit/ui-state.test.ts"}]}